<?xml version="1.0" encoding="UTF-8"?>
<!-- Generated by org.testng.reporters.JUnitReportReporter -->
<testsuite hostname="Bhavan-laptop" failures="0" tests="4" name="SampleTests" time="0.010" errors="0" timestamp="2021-11-16T22:23:32 PST" skipped="0">
  <testcase classname="SampleTests" name="test4" time="0.000"/>
  <system-out/>
  <testcase classname="SampleTests" name="test1" time="0.008"/>
  <system-out/>
  <testcase classname="SampleTests" name="test3" time="0.001"/>
  <system-out/>
  <testcase classname="SampleTests" name="test2" time="0.001"/>
  <system-out/>
</testsuite> <!-- SampleTests -->
